<?xml version="1.0" encoding="UTF-8"?>
<testsuite xmlns:xsi="http://www.w3.org/2001/XMLSchema-instance" xsi:noNamespaceSchemaLocation="https://maven.apache.org/surefire/maven-surefire-plugin/xsd/surefire-test-report-3.0.xsd" version="3.0" name="io.github.projec.openubl.quarkus.xbuilder.test.QuarkusXbuilderTest" time="2.993" tests="1" errors="0" skipped="0" failures="0">
  <properties>
    <property name="sun.desktop" value="gnome"/>
    <property name="awt.toolkit" value="sun.awt.X11.XToolkit"/>
    <property name="java.specification.version" value="11"/>
    <property name="sun.cpu.isalist" value=""/>
    <property name="sun.jnu.encoding" value="UTF-8"/>
    <property name="java.class.path" value="/home/cferiavi/git/openubl/quarkus-xbuilder/deployment/target/test-classes:/home/cferiavi/git/openubl/quarkus-xbuilder/deployment/target/classes:/home/cferiavi/.m2/repository/io/quarkus/quarkus-arc-deployment/2.12.0.Final/quarkus-arc-deployment-2.12.0.Final.jar:/home/cferiavi/.m2/repository/io/quarkus/quarkus-core-deployment/2.12.0.Final/quarkus-core-deployment-2.12.0.Final.jar:/home/cferiavi/.m2/repository/org/aesh/readline/2.2/readline-2.2.jar:/home/cferiavi/.m2/repository/org/fusesource/jansi/jansi/1.18/jansi-1.18.jar:/home/cferiavi/.m2/repository/org/aesh/aesh/2.6/aesh-2.6.jar:/home/cferiavi/.m2/repository/org/apache/commons/commons-lang3/3.12.0/commons-lang3-3.12.0.jar:/home/cferiavi/.m2/repository/org/wildfly/common/wildfly-common/1.5.4.Final-format-001/wildfly-common-1.5.4.Final-format-001.jar:/home/cferiavi/.m2/repository/io/quarkus/gizmo/gizmo/1.1.0.Final/gizmo-1.1.0.Final.jar:/home/cferiavi/.m2/repository/org/ow2/asm/asm-util/9.3/asm-util-9.3.jar:/home/cferiavi/.m2/repository/org/jboss/jandex/2.4.3.Final/jandex-2.4.3.Final.jar:/home/cferiavi/.m2/repository/org/ow2/asm/asm/9.3/asm-9.3.jar:/home/cferiavi/.m2/repository/org/ow2/asm/asm-commons/9.3/asm-commons-9.3.jar:/home/cferiavi/.m2/repository/org/ow2/asm/asm-tree/9.3/asm-tree-9.3.jar:/home/cferiavi/.m2/repository/org/ow2/asm/asm-analysis/9.3/asm-analysis-9.3.jar:/home/cferiavi/.m2/repository/io/quarkus/quarkus-development-mode-spi/2.12.0.Final/quarkus-development-mode-spi-2.12.0.Final.jar:/home/cferiavi/.m2/repository/io/quarkus/quarkus-class-change-agent/2.12.0.Final/quarkus-class-change-agent-2.12.0.Final.jar:/home/cferiavi/.m2/repository/io/quarkus/quarkus-bootstrap-core/2.12.0.Final/quarkus-bootstrap-core-2.12.0.Final.jar:/home/cferiavi/.m2/repository/io/quarkus/quarkus-bootstrap-app-model/2.12.0.Final/quarkus-bootstrap-app-model-2.12.0.Final.jar:/home/cferiavi/.m2/repository/io/quarkus/quarkus-bootstrap-maven-resolver/2.12.0.Final/quarkus-bootstrap-maven-resolver-2.12.0.Final.jar:/home/cferiavi/.m2/repository/org/apache/maven/maven-embedder/3.8.6/maven-embedder-3.8.6.jar:/home/cferiavi/.m2/repository/org/apache/maven/maven-settings/3.8.6/maven-settings-3.8.6.jar:/home/cferiavi/.m2/repository/org/apache/maven/maven-core/3.8.6/maven-core-3.8.6.jar:/home/cferiavi/.m2/repository/org/apache/maven/maven-artifact/3.8.6/maven-artifact-3.8.6.jar:/home/cferiavi/.m2/repository/org/codehaus/plexus/plexus-component-annotations/2.1.0/plexus-component-annotations-2.1.0.jar:/home/cferiavi/.m2/repository/org/apache/maven/maven-plugin-api/3.8.6/maven-plugin-api-3.8.6.jar:/home/cferiavi/.m2/repository/org/apache/maven/maven-model/3.8.6/maven-model-3.8.6.jar:/home/cferiavi/.m2/repository/org/apache/maven/maven-model-builder/3.8.6/maven-model-builder-3.8.6.jar:/home/cferiavi/.m2/repository/org/apache/maven/maven-builder-support/3.8.6/maven-builder-support-3.8.6.jar:/home/cferiavi/.m2/repository/org/apache/maven/resolver/maven-resolver-api/1.6.3/maven-resolver-api-1.6.3.jar:/home/cferiavi/.m2/repository/org/apache/maven/resolver/maven-resolver-util/1.6.3/maven-resolver-util-1.6.3.jar:/home/cferiavi/.m2/repository/org/apache/maven/shared/maven-shared-utils/3.3.4/maven-shared-utils-3.3.4.jar:/home/cferiavi/.m2/repository/commons-io/commons-io/2.11.0/commons-io-2.11.0.jar:/home/cferiavi/.m2/repository/com/google/inject/guice/4.2.2/guice-4.2.2-no_aop.jar:/home/cferiavi/.m2/repository/com/google/guava/guava/31.1-jre/guava-31.1-jre.jar:/home/cferiavi/.m2/repository/com/google/guava/failureaccess/1.0.1/failureaccess-1.0.1.jar:/home/cferiavi/.m2/repository/org/codehaus/plexus/plexus-classworlds/2.6.0/plexus-classworlds-2.6.0.jar:/home/cferiavi/.m2/repository/org/codehaus/plexus/plexus-sec-dispatcher/2.0/plexus-sec-dispatcher-2.0.jar:/home/cferiavi/.m2/repository/org/codehaus/plexus/plexus-cipher/2.0/plexus-cipher-2.0.jar:/home/cferiavi/.m2/repository/commons-cli/commons-cli/1.4/commons-cli-1.4.jar:/home/cferiavi/.m2/repository/org/eclipse/sisu/org.eclipse.sisu.plexus/0.3.5/org.eclipse.sisu.plexus-0.3.5.jar:/home/cferiavi/.m2/repository/org/apache/maven/maven-settings-builder/3.8.6/maven-settings-builder-3.8.6.jar:/home/cferiavi/.m2/repository/org/codehaus/plexus/plexus-interpolation/1.26/plexus-interpolation-1.26.jar:/home/cferiavi/.m2/repository/org/apache/maven/maven-resolver-provider/3.8.6/maven-resolver-provider-3.8.6.jar:/home/cferiavi/.m2/repository/org/apache/maven/maven-repository-metadata/3.8.6/maven-repository-metadata-3.8.6.jar:/home/cferiavi/.m2/repository/org/apache/maven/resolver/maven-resolver-spi/1.6.3/maven-resolver-spi-1.6.3.jar:/home/cferiavi/.m2/repository/org/apache/maven/resolver/maven-resolver-impl/1.6.3/maven-resolver-impl-1.6.3.jar:/home/cferiavi/.m2/repository/org/codehaus/plexus/plexus-utils/3.3.0/plexus-utils-3.3.0.jar:/home/cferiavi/.m2/repository/org/apache/maven/resolver/maven-resolver-connector-basic/1.6.3/maven-resolver-connector-basic-1.6.3.jar:/home/cferiavi/.m2/repository/org/apache/maven/resolver/maven-resolver-transport-wagon/1.6.3/maven-resolver-transport-wagon-1.6.3.jar:/home/cferiavi/.m2/repository/org/apache/maven/wagon/wagon-http/3.5.1/wagon-http-3.5.1.jar:/home/cferiavi/.m2/repository/org/apache/maven/wagon/wagon-http-shared/3.5.1/wagon-http-shared-3.5.1.jar:/home/cferiavi/.m2/repository/org/apache/httpcomponents/httpclient/4.5.13/httpclient-4.5.13.jar:/home/cferiavi/.m2/repository/commons-codec/commons-codec/1.15/commons-codec-1.15.jar:/home/cferiavi/.m2/repository/org/apache/httpcomponents/httpcore/4.4.15/httpcore-4.4.15.jar:/home/cferiavi/.m2/repository/org/apache/maven/wagon/wagon-provider-api/3.5.1/wagon-provider-api-3.5.1.jar:/home/cferiavi/.m2/repository/org/apache/maven/wagon/wagon-file/3.5.1/wagon-file-3.5.1.jar:/home/cferiavi/.m2/repository/io/quarkus/quarkus-bootstrap-gradle-resolver/2.12.0.Final/quarkus-bootstrap-gradle-resolver-2.12.0.Final.jar:/home/cferiavi/.m2/repository/io/smallrye/common/smallrye-common-io/1.13.0/smallrye-common-io-1.13.0.jar:/home/cferiavi/.m2/repository/org/eclipse/sisu/org.eclipse.sisu.inject/0.3.5/org.eclipse.sisu.inject-0.3.5.jar:/home/cferiavi/.m2/repository/io/quarkus/quarkus-builder/2.12.0.Final/quarkus-builder-2.12.0.Final.jar:/home/cferiavi/.m2/repository/org/graalvm/sdk/graal-sdk/22.2.0/graal-sdk-22.2.0.jar:/home/cferiavi/.m2/repository/org/junit/platform/junit-platform-launcher/1.9.0/junit-platform-launcher-1.9.0.jar:/home/cferiavi/.m2/repository/org/junit/jupiter/junit-jupiter/5.9.0/junit-jupiter-5.9.0.jar:/home/cferiavi/.m2/repository/io/quarkus/quarkus-vertx-http-dev-console-spi/2.12.0.Final/quarkus-vertx-http-dev-console-spi-2.12.0.Final.jar:/home/cferiavi/.m2/repository/io/quarkus/quarkus-vertx-http-dev-console-runtime-spi/2.12.0.Final/quarkus-vertx-http-dev-console-runtime-spi-2.12.0.Final.jar:/home/cferiavi/.m2/repository/io/quarkus/arc/arc/2.12.0.Final/arc-2.12.0.Final.jar:/home/cferiavi/.m2/repository/jakarta/transaction/jakarta.transaction-api/1.3.3/jakarta.transaction-api-1.3.3.jar:/home/cferiavi/.m2/repository/io/vertx/vertx-web/4.3.2/vertx-web-4.3.2.jar:/home/cferiavi/.m2/repository/io/vertx/vertx-web-common/4.3.2/vertx-web-common-4.3.2.jar:/home/cferiavi/.m2/repository/io/vertx/vertx-auth-common/4.3.2/vertx-auth-common-4.3.2.jar:/home/cferiavi/.m2/repository/io/vertx/vertx-bridge-common/4.3.2/vertx-bridge-common-4.3.2.jar:/home/cferiavi/.m2/repository/io/vertx/vertx-core/4.3.2/vertx-core-4.3.2.jar:/home/cferiavi/.m2/repository/io/netty/netty-common/4.1.79.Final/netty-common-4.1.79.Final.jar:/home/cferiavi/.m2/repository/io/netty/netty-buffer/4.1.79.Final/netty-buffer-4.1.79.Final.jar:/home/cferiavi/.m2/repository/io/netty/netty-transport/4.1.79.Final/netty-transport-4.1.79.Final.jar:/home/cferiavi/.m2/repository/io/netty/netty-handler/4.1.79.Final/netty-handler-4.1.79.Final.jar:/home/cferiavi/.m2/repository/io/netty/netty-transport-native-unix-common/4.1.79.Final/netty-transport-native-unix-common-4.1.79.Final.jar:/home/cferiavi/.m2/repository/io/netty/netty-codec/4.1.79.Final/netty-codec-4.1.79.Final.jar:/home/cferiavi/.m2/repository/io/netty/netty-handler-proxy/4.1.79.Final/netty-handler-proxy-4.1.79.Final.jar:/home/cferiavi/.m2/repository/io/netty/netty-codec-socks/4.1.79.Final/netty-codec-socks-4.1.79.Final.jar:/home/cferiavi/.m2/repository/io/netty/netty-codec-http/4.1.79.Final/netty-codec-http-4.1.79.Final.jar:/home/cferiavi/.m2/repository/io/netty/netty-codec-http2/4.1.79.Final/netty-codec-http2-4.1.79.Final.jar:/home/cferiavi/.m2/repository/io/netty/netty-resolver/4.1.79.Final/netty-resolver-4.1.79.Final.jar:/home/cferiavi/.m2/repository/io/netty/netty-resolver-dns/4.1.79.Final/netty-resolver-dns-4.1.79.Final.jar:/home/cferiavi/.m2/repository/io/netty/netty-codec-dns/4.1.79.Final/netty-codec-dns-4.1.79.Final.jar:/home/cferiavi/.m2/repository/com/fasterxml/jackson/core/jackson-core/2.13.3/jackson-core-2.13.3.jar:/home/cferiavi/.m2/repository/io/quarkus/quarkus-arc/2.12.0.Final/quarkus-arc-2.12.0.Final.jar:/home/cferiavi/.m2/repository/org/eclipse/microprofile/context-propagation/microprofile-context-propagation-api/1.2/microprofile-context-propagation-api-1.2.jar:/home/cferiavi/.m2/repository/io/quarkus/arc/arc-processor/2.12.0.Final/arc-processor-2.12.0.Final.jar:/home/cferiavi/.m2/repository/org/jboss/logging/jboss-logging/3.5.0.Final/jboss-logging-3.5.0.Final.jar:/home/cferiavi/.m2/repository/jakarta/annotation/jakarta.annotation-api/1.3.5/jakarta.annotation-api-1.3.5.jar:/home/cferiavi/git/openubl/quarkus-xbuilder/runtime/target/classes:/home/cferiavi/.m2/repository/io/quarkus/quarkus-junit5-internal/2.12.0.Final/quarkus-junit5-internal-2.12.0.Final.jar:/home/cferiavi/.m2/repository/org/jboss/shrinkwrap/shrinkwrap-api/1.2.6/shrinkwrap-api-1.2.6.jar:/home/cferiavi/.m2/repository/org/jboss/shrinkwrap/shrinkwrap-spi/1.2.6/shrinkwrap-spi-1.2.6.jar:/home/cferiavi/.m2/repository/org/jboss/shrinkwrap/shrinkwrap-impl-base/1.2.6/shrinkwrap-impl-base-1.2.6.jar:/home/cferiavi/.m2/repository/org/junit/jupiter/junit-jupiter-api/5.9.0/junit-jupiter-api-5.9.0.jar:/home/cferiavi/.m2/repository/org/opentest4j/opentest4j/1.2.0/opentest4j-1.2.0.jar:/home/cferiavi/.m2/repository/org/junit/platform/junit-platform-commons/1.9.0/junit-platform-commons-1.9.0.jar:/home/cferiavi/.m2/repository/org/apiguardian/apiguardian-api/1.1.2/apiguardian-api-1.1.2.jar:/home/cferiavi/.m2/repository/org/junit/jupiter/junit-jupiter-params/5.9.0/junit-jupiter-params-5.9.0.jar:/home/cferiavi/.m2/repository/org/junit/jupiter/junit-jupiter-engine/5.9.0/junit-jupiter-engine-5.9.0.jar:/home/cferiavi/.m2/repository/org/junit/platform/junit-platform-engine/1.9.0/junit-platform-engine-1.9.0.jar:/home/cferiavi/.m2/repository/io/quarkus/quarkus-core/2.12.0.Final/quarkus-core-2.12.0.Final.jar:/home/cferiavi/.m2/repository/jakarta/inject/jakarta.inject-api/1.0/jakarta.inject-api-1.0.jar:/home/cferiavi/.m2/repository/io/quarkus/quarkus-ide-launcher/2.12.0.Final/quarkus-ide-launcher-2.12.0.Final.jar:/home/cferiavi/.m2/repository/io/smallrye/config/smallrye-config/2.11.1/smallrye-config-2.11.1.jar:/home/cferiavi/.m2/repository/io/smallrye/config/smallrye-config-core/2.11.1/smallrye-config-core-2.11.1.jar:/home/cferiavi/.m2/repository/org/eclipse/microprofile/config/microprofile-config-api/2.0.1/microprofile-config-api-2.0.1.jar:/home/cferiavi/.m2/repository/io/smallrye/common/smallrye-common-annotation/1.13.0/smallrye-common-annotation-1.13.0.jar:/home/cferiavi/.m2/repository/io/smallrye/common/smallrye-common-expression/1.13.0/smallrye-common-expression-1.13.0.jar:/home/cferiavi/.m2/repository/io/smallrye/common/smallrye-common-function/1.13.0/smallrye-common-function-1.13.0.jar:/home/cferiavi/.m2/repository/io/smallrye/common/smallrye-common-constraint/1.13.0/smallrye-common-constraint-1.13.0.jar:/home/cferiavi/.m2/repository/io/smallrye/common/smallrye-common-classloader/1.13.0/smallrye-common-classloader-1.13.0.jar:/home/cferiavi/.m2/repository/io/smallrye/config/smallrye-config-common/2.11.1/smallrye-config-common-2.11.1.jar:/home/cferiavi/.m2/repository/org/jboss/logmanager/jboss-logmanager-embedded/1.0.10/jboss-logmanager-embedded-1.0.10.jar:/home/cferiavi/.m2/repository/org/jboss/logging/jboss-logging-annotations/2.2.1.Final/jboss-logging-annotations-2.2.1.Final.jar:/home/cferiavi/.m2/repository/org/jboss/threads/jboss-threads/3.4.2.Final/jboss-threads-3.4.2.Final.jar:/home/cferiavi/.m2/repository/org/slf4j/slf4j-api/1.7.36/slf4j-api-1.7.36.jar:/home/cferiavi/.m2/repository/org/jboss/slf4j/slf4j-jboss-logmanager/1.1.0.Final/slf4j-jboss-logmanager-1.1.0.Final.jar:/home/cferiavi/.m2/repository/io/quarkus/quarkus-bootstrap-runner/2.12.0.Final/quarkus-bootstrap-runner-2.12.0.Final.jar:/home/cferiavi/.m2/repository/io/github/crac/org-crac/0.1.1/org-crac-0.1.1.jar:/home/cferiavi/.m2/repository/io/quarkus/quarkus-fs-util/0.0.9/quarkus-fs-util-0.0.9.jar:/home/cferiavi/.m2/repository/io/quarkus/quarkus-test-common/2.12.0.Final/quarkus-test-common-2.12.0.Final.jar:/home/cferiavi/.m2/repository/org/jboss/logging/commons-logging-jboss-logging/1.0.0.Final/commons-logging-jboss-logging-1.0.0.Final.jar:/home/cferiavi/.m2/repository/jakarta/enterprise/jakarta.enterprise.cdi-api/2.0.2/jakarta.enterprise.cdi-api-2.0.2.jar:/home/cferiavi/.m2/repository/jakarta/el/jakarta.el-api/3.0.3/jakarta.el-api-3.0.3.jar:/home/cferiavi/.m2/repository/jakarta/interceptor/jakarta.interceptor-api/1.2.5/jakarta.interceptor-api-1.2.5.jar:/home/cferiavi/.m2/repository/io/quarkus/quarkus-devtools-utilities/2.12.0.Final/quarkus-devtools-utilities-2.12.0.Final.jar:/home/cferiavi/.m2/repository/org/awaitility/awaitility/4.2.0/awaitility-4.2.0.jar:/home/cferiavi/.m2/repository/org/hamcrest/hamcrest/2.1/hamcrest-2.1.jar:"/>
    <property name="java.vm.vendor" value="Eclipse Adoptium"/>
    <property name="sun.arch.data.model" value="64"/>
    <property name="java.vendor.url" value="https://adoptium.net/"/>
    <property name="user.timezone" value="Europe/Prague"/>
    <property name="java.vm.specification.version" value="11"/>
    <property name="os.name" value="Linux"/>
    <property name="sun.java.launcher" value="SUN_STANDARD"/>
    <property name="user.country" value="US"/>
    <property name="sun.boot.library.path" value="/home/cferiavi/.sdkman/candidates/java/11.0.15-tem/lib"/>
    <property name="sun.java.command" value="/home/cferiavi/git/openubl/quarkus-xbuilder/deployment/target/surefire/surefirebooter-20220826211254979_3.jar /home/cferiavi/git/openubl/quarkus-xbuilder/deployment/target/surefire 2022-08-26T21-12-53_707-jvmRun1 surefire-20220826211254979_1tmp surefire_0-20220826211254979_2tmp"/>
    <property name="maven.home" value="/home/cferiavi/.sdkman/candidates/maven/current"/>
    <property name="jdk.debug" value="release"/>
    <property name="surefire.test.class.path" value="/home/cferiavi/git/openubl/quarkus-xbuilder/deployment/target/test-classes:/home/cferiavi/git/openubl/quarkus-xbuilder/deployment/target/classes:/home/cferiavi/.m2/repository/io/quarkus/quarkus-arc-deployment/2.12.0.Final/quarkus-arc-deployment-2.12.0.Final.jar:/home/cferiavi/.m2/repository/io/quarkus/quarkus-core-deployment/2.12.0.Final/quarkus-core-deployment-2.12.0.Final.jar:/home/cferiavi/.m2/repository/org/aesh/readline/2.2/readline-2.2.jar:/home/cferiavi/.m2/repository/org/fusesource/jansi/jansi/1.18/jansi-1.18.jar:/home/cferiavi/.m2/repository/org/aesh/aesh/2.6/aesh-2.6.jar:/home/cferiavi/.m2/repository/org/apache/commons/commons-lang3/3.12.0/commons-lang3-3.12.0.jar:/home/cferiavi/.m2/repository/org/wildfly/common/wildfly-common/1.5.4.Final-format-001/wildfly-common-1.5.4.Final-format-001.jar:/home/cferiavi/.m2/repository/io/quarkus/gizmo/gizmo/1.1.0.Final/gizmo-1.1.0.Final.jar:/home/cferiavi/.m2/repository/org/ow2/asm/asm-util/9.3/asm-util-9.3.jar:/home/cferiavi/.m2/repository/org/jboss/jandex/2.4.3.Final/jandex-2.4.3.Final.jar:/home/cferiavi/.m2/repository/org/ow2/asm/asm/9.3/asm-9.3.jar:/home/cferiavi/.m2/repository/org/ow2/asm/asm-commons/9.3/asm-commons-9.3.jar:/home/cferiavi/.m2/repository/org/ow2/asm/asm-tree/9.3/asm-tree-9.3.jar:/home/cferiavi/.m2/repository/org/ow2/asm/asm-analysis/9.3/asm-analysis-9.3.jar:/home/cferiavi/.m2/repository/io/quarkus/quarkus-development-mode-spi/2.12.0.Final/quarkus-development-mode-spi-2.12.0.Final.jar:/home/cferiavi/.m2/repository/io/quarkus/quarkus-class-change-agent/2.12.0.Final/quarkus-class-change-agent-2.12.0.Final.jar:/home/cferiavi/.m2/repository/io/quarkus/quarkus-bootstrap-core/2.12.0.Final/quarkus-bootstrap-core-2.12.0.Final.jar:/home/cferiavi/.m2/repository/io/quarkus/quarkus-bootstrap-app-model/2.12.0.Final/quarkus-bootstrap-app-model-2.12.0.Final.jar:/home/cferiavi/.m2/repository/io/quarkus/quarkus-bootstrap-maven-resolver/2.12.0.Final/quarkus-bootstrap-maven-resolver-2.12.0.Final.jar:/home/cferiavi/.m2/repository/org/apache/maven/maven-embedder/3.8.6/maven-embedder-3.8.6.jar:/home/cferiavi/.m2/repository/org/apache/maven/maven-settings/3.8.6/maven-settings-3.8.6.jar:/home/cferiavi/.m2/repository/org/apache/maven/maven-core/3.8.6/maven-core-3.8.6.jar:/home/cferiavi/.m2/repository/org/apache/maven/maven-artifact/3.8.6/maven-artifact-3.8.6.jar:/home/cferiavi/.m2/repository/org/codehaus/plexus/plexus-component-annotations/2.1.0/plexus-component-annotations-2.1.0.jar:/home/cferiavi/.m2/repository/org/apache/maven/maven-plugin-api/3.8.6/maven-plugin-api-3.8.6.jar:/home/cferiavi/.m2/repository/org/apache/maven/maven-model/3.8.6/maven-model-3.8.6.jar:/home/cferiavi/.m2/repository/org/apache/maven/maven-model-builder/3.8.6/maven-model-builder-3.8.6.jar:/home/cferiavi/.m2/repository/org/apache/maven/maven-builder-support/3.8.6/maven-builder-support-3.8.6.jar:/home/cferiavi/.m2/repository/org/apache/maven/resolver/maven-resolver-api/1.6.3/maven-resolver-api-1.6.3.jar:/home/cferiavi/.m2/repository/org/apache/maven/resolver/maven-resolver-util/1.6.3/maven-resolver-util-1.6.3.jar:/home/cferiavi/.m2/repository/org/apache/maven/shared/maven-shared-utils/3.3.4/maven-shared-utils-3.3.4.jar:/home/cferiavi/.m2/repository/commons-io/commons-io/2.11.0/commons-io-2.11.0.jar:/home/cferiavi/.m2/repository/com/google/inject/guice/4.2.2/guice-4.2.2-no_aop.jar:/home/cferiavi/.m2/repository/com/google/guava/guava/31.1-jre/guava-31.1-jre.jar:/home/cferiavi/.m2/repository/com/google/guava/failureaccess/1.0.1/failureaccess-1.0.1.jar:/home/cferiavi/.m2/repository/org/codehaus/plexus/plexus-classworlds/2.6.0/plexus-classworlds-2.6.0.jar:/home/cferiavi/.m2/repository/org/codehaus/plexus/plexus-sec-dispatcher/2.0/plexus-sec-dispatcher-2.0.jar:/home/cferiavi/.m2/repository/org/codehaus/plexus/plexus-cipher/2.0/plexus-cipher-2.0.jar:/home/cferiavi/.m2/repository/commons-cli/commons-cli/1.4/commons-cli-1.4.jar:/home/cferiavi/.m2/repository/org/eclipse/sisu/org.eclipse.sisu.plexus/0.3.5/org.eclipse.sisu.plexus-0.3.5.jar:/home/cferiavi/.m2/repository/org/apache/maven/maven-settings-builder/3.8.6/maven-settings-builder-3.8.6.jar:/home/cferiavi/.m2/repository/org/codehaus/plexus/plexus-interpolation/1.26/plexus-interpolation-1.26.jar:/home/cferiavi/.m2/repository/org/apache/maven/maven-resolver-provider/3.8.6/maven-resolver-provider-3.8.6.jar:/home/cferiavi/.m2/repository/org/apache/maven/maven-repository-metadata/3.8.6/maven-repository-metadata-3.8.6.jar:/home/cferiavi/.m2/repository/org/apache/maven/resolver/maven-resolver-spi/1.6.3/maven-resolver-spi-1.6.3.jar:/home/cferiavi/.m2/repository/org/apache/maven/resolver/maven-resolver-impl/1.6.3/maven-resolver-impl-1.6.3.jar:/home/cferiavi/.m2/repository/org/codehaus/plexus/plexus-utils/3.3.0/plexus-utils-3.3.0.jar:/home/cferiavi/.m2/repository/org/apache/maven/resolver/maven-resolver-connector-basic/1.6.3/maven-resolver-connector-basic-1.6.3.jar:/home/cferiavi/.m2/repository/org/apache/maven/resolver/maven-resolver-transport-wagon/1.6.3/maven-resolver-transport-wagon-1.6.3.jar:/home/cferiavi/.m2/repository/org/apache/maven/wagon/wagon-http/3.5.1/wagon-http-3.5.1.jar:/home/cferiavi/.m2/repository/org/apache/maven/wagon/wagon-http-shared/3.5.1/wagon-http-shared-3.5.1.jar:/home/cferiavi/.m2/repository/org/apache/httpcomponents/httpclient/4.5.13/httpclient-4.5.13.jar:/home/cferiavi/.m2/repository/commons-codec/commons-codec/1.15/commons-codec-1.15.jar:/home/cferiavi/.m2/repository/org/apache/httpcomponents/httpcore/4.4.15/httpcore-4.4.15.jar:/home/cferiavi/.m2/repository/org/apache/maven/wagon/wagon-provider-api/3.5.1/wagon-provider-api-3.5.1.jar:/home/cferiavi/.m2/repository/org/apache/maven/wagon/wagon-file/3.5.1/wagon-file-3.5.1.jar:/home/cferiavi/.m2/repository/io/quarkus/quarkus-bootstrap-gradle-resolver/2.12.0.Final/quarkus-bootstrap-gradle-resolver-2.12.0.Final.jar:/home/cferiavi/.m2/repository/io/smallrye/common/smallrye-common-io/1.13.0/smallrye-common-io-1.13.0.jar:/home/cferiavi/.m2/repository/org/eclipse/sisu/org.eclipse.sisu.inject/0.3.5/org.eclipse.sisu.inject-0.3.5.jar:/home/cferiavi/.m2/repository/io/quarkus/quarkus-builder/2.12.0.Final/quarkus-builder-2.12.0.Final.jar:/home/cferiavi/.m2/repository/org/graalvm/sdk/graal-sdk/22.2.0/graal-sdk-22.2.0.jar:/home/cferiavi/.m2/repository/org/junit/platform/junit-platform-launcher/1.9.0/junit-platform-launcher-1.9.0.jar:/home/cferiavi/.m2/repository/org/junit/jupiter/junit-jupiter/5.9.0/junit-jupiter-5.9.0.jar:/home/cferiavi/.m2/repository/io/quarkus/quarkus-vertx-http-dev-console-spi/2.12.0.Final/quarkus-vertx-http-dev-console-spi-2.12.0.Final.jar:/home/cferiavi/.m2/repository/io/quarkus/quarkus-vertx-http-dev-console-runtime-spi/2.12.0.Final/quarkus-vertx-http-dev-console-runtime-spi-2.12.0.Final.jar:/home/cferiavi/.m2/repository/io/quarkus/arc/arc/2.12.0.Final/arc-2.12.0.Final.jar:/home/cferiavi/.m2/repository/jakarta/transaction/jakarta.transaction-api/1.3.3/jakarta.transaction-api-1.3.3.jar:/home/cferiavi/.m2/repository/io/vertx/vertx-web/4.3.2/vertx-web-4.3.2.jar:/home/cferiavi/.m2/repository/io/vertx/vertx-web-common/4.3.2/vertx-web-common-4.3.2.jar:/home/cferiavi/.m2/repository/io/vertx/vertx-auth-common/4.3.2/vertx-auth-common-4.3.2.jar:/home/cferiavi/.m2/repository/io/vertx/vertx-bridge-common/4.3.2/vertx-bridge-common-4.3.2.jar:/home/cferiavi/.m2/repository/io/vertx/vertx-core/4.3.2/vertx-core-4.3.2.jar:/home/cferiavi/.m2/repository/io/netty/netty-common/4.1.79.Final/netty-common-4.1.79.Final.jar:/home/cferiavi/.m2/repository/io/netty/netty-buffer/4.1.79.Final/netty-buffer-4.1.79.Final.jar:/home/cferiavi/.m2/repository/io/netty/netty-transport/4.1.79.Final/netty-transport-4.1.79.Final.jar:/home/cferiavi/.m2/repository/io/netty/netty-handler/4.1.79.Final/netty-handler-4.1.79.Final.jar:/home/cferiavi/.m2/repository/io/netty/netty-transport-native-unix-common/4.1.79.Final/netty-transport-native-unix-common-4.1.79.Final.jar:/home/cferiavi/.m2/repository/io/netty/netty-codec/4.1.79.Final/netty-codec-4.1.79.Final.jar:/home/cferiavi/.m2/repository/io/netty/netty-handler-proxy/4.1.79.Final/netty-handler-proxy-4.1.79.Final.jar:/home/cferiavi/.m2/repository/io/netty/netty-codec-socks/4.1.79.Final/netty-codec-socks-4.1.79.Final.jar:/home/cferiavi/.m2/repository/io/netty/netty-codec-http/4.1.79.Final/netty-codec-http-4.1.79.Final.jar:/home/cferiavi/.m2/repository/io/netty/netty-codec-http2/4.1.79.Final/netty-codec-http2-4.1.79.Final.jar:/home/cferiavi/.m2/repository/io/netty/netty-resolver/4.1.79.Final/netty-resolver-4.1.79.Final.jar:/home/cferiavi/.m2/repository/io/netty/netty-resolver-dns/4.1.79.Final/netty-resolver-dns-4.1.79.Final.jar:/home/cferiavi/.m2/repository/io/netty/netty-codec-dns/4.1.79.Final/netty-codec-dns-4.1.79.Final.jar:/home/cferiavi/.m2/repository/com/fasterxml/jackson/core/jackson-core/2.13.3/jackson-core-2.13.3.jar:/home/cferiavi/.m2/repository/io/quarkus/quarkus-arc/2.12.0.Final/quarkus-arc-2.12.0.Final.jar:/home/cferiavi/.m2/repository/org/eclipse/microprofile/context-propagation/microprofile-context-propagation-api/1.2/microprofile-context-propagation-api-1.2.jar:/home/cferiavi/.m2/repository/io/quarkus/arc/arc-processor/2.12.0.Final/arc-processor-2.12.0.Final.jar:/home/cferiavi/.m2/repository/org/jboss/logging/jboss-logging/3.5.0.Final/jboss-logging-3.5.0.Final.jar:/home/cferiavi/.m2/repository/jakarta/annotation/jakarta.annotation-api/1.3.5/jakarta.annotation-api-1.3.5.jar:/home/cferiavi/git/openubl/quarkus-xbuilder/runtime/target/classes:/home/cferiavi/.m2/repository/io/quarkus/quarkus-junit5-internal/2.12.0.Final/quarkus-junit5-internal-2.12.0.Final.jar:/home/cferiavi/.m2/repository/org/jboss/shrinkwrap/shrinkwrap-api/1.2.6/shrinkwrap-api-1.2.6.jar:/home/cferiavi/.m2/repository/org/jboss/shrinkwrap/shrinkwrap-spi/1.2.6/shrinkwrap-spi-1.2.6.jar:/home/cferiavi/.m2/repository/org/jboss/shrinkwrap/shrinkwrap-impl-base/1.2.6/shrinkwrap-impl-base-1.2.6.jar:/home/cferiavi/.m2/repository/org/junit/jupiter/junit-jupiter-api/5.9.0/junit-jupiter-api-5.9.0.jar:/home/cferiavi/.m2/repository/org/opentest4j/opentest4j/1.2.0/opentest4j-1.2.0.jar:/home/cferiavi/.m2/repository/org/junit/platform/junit-platform-commons/1.9.0/junit-platform-commons-1.9.0.jar:/home/cferiavi/.m2/repository/org/apiguardian/apiguardian-api/1.1.2/apiguardian-api-1.1.2.jar:/home/cferiavi/.m2/repository/org/junit/jupiter/junit-jupiter-params/5.9.0/junit-jupiter-params-5.9.0.jar:/home/cferiavi/.m2/repository/org/junit/jupiter/junit-jupiter-engine/5.9.0/junit-jupiter-engine-5.9.0.jar:/home/cferiavi/.m2/repository/org/junit/platform/junit-platform-engine/1.9.0/junit-platform-engine-1.9.0.jar:/home/cferiavi/.m2/repository/io/quarkus/quarkus-core/2.12.0.Final/quarkus-core-2.12.0.Final.jar:/home/cferiavi/.m2/repository/jakarta/inject/jakarta.inject-api/1.0/jakarta.inject-api-1.0.jar:/home/cferiavi/.m2/repository/io/quarkus/quarkus-ide-launcher/2.12.0.Final/quarkus-ide-launcher-2.12.0.Final.jar:/home/cferiavi/.m2/repository/io/smallrye/config/smallrye-config/2.11.1/smallrye-config-2.11.1.jar:/home/cferiavi/.m2/repository/io/smallrye/config/smallrye-config-core/2.11.1/smallrye-config-core-2.11.1.jar:/home/cferiavi/.m2/repository/org/eclipse/microprofile/config/microprofile-config-api/2.0.1/microprofile-config-api-2.0.1.jar:/home/cferiavi/.m2/repository/io/smallrye/common/smallrye-common-annotation/1.13.0/smallrye-common-annotation-1.13.0.jar:/home/cferiavi/.m2/repository/io/smallrye/common/smallrye-common-expression/1.13.0/smallrye-common-expression-1.13.0.jar:/home/cferiavi/.m2/repository/io/smallrye/common/smallrye-common-function/1.13.0/smallrye-common-function-1.13.0.jar:/home/cferiavi/.m2/repository/io/smallrye/common/smallrye-common-constraint/1.13.0/smallrye-common-constraint-1.13.0.jar:/home/cferiavi/.m2/repository/io/smallrye/common/smallrye-common-classloader/1.13.0/smallrye-common-classloader-1.13.0.jar:/home/cferiavi/.m2/repository/io/smallrye/config/smallrye-config-common/2.11.1/smallrye-config-common-2.11.1.jar:/home/cferiavi/.m2/repository/org/jboss/logmanager/jboss-logmanager-embedded/1.0.10/jboss-logmanager-embedded-1.0.10.jar:/home/cferiavi/.m2/repository/org/jboss/logging/jboss-logging-annotations/2.2.1.Final/jboss-logging-annotations-2.2.1.Final.jar:/home/cferiavi/.m2/repository/org/jboss/threads/jboss-threads/3.4.2.Final/jboss-threads-3.4.2.Final.jar:/home/cferiavi/.m2/repository/org/slf4j/slf4j-api/1.7.36/slf4j-api-1.7.36.jar:/home/cferiavi/.m2/repository/org/jboss/slf4j/slf4j-jboss-logmanager/1.1.0.Final/slf4j-jboss-logmanager-1.1.0.Final.jar:/home/cferiavi/.m2/repository/io/quarkus/quarkus-bootstrap-runner/2.12.0.Final/quarkus-bootstrap-runner-2.12.0.Final.jar:/home/cferiavi/.m2/repository/io/github/crac/org-crac/0.1.1/org-crac-0.1.1.jar:/home/cferiavi/.m2/repository/io/quarkus/quarkus-fs-util/0.0.9/quarkus-fs-util-0.0.9.jar:/home/cferiavi/.m2/repository/io/quarkus/quarkus-test-common/2.12.0.Final/quarkus-test-common-2.12.0.Final.jar:/home/cferiavi/.m2/repository/org/jboss/logging/commons-logging-jboss-logging/1.0.0.Final/commons-logging-jboss-logging-1.0.0.Final.jar:/home/cferiavi/.m2/repository/jakarta/enterprise/jakarta.enterprise.cdi-api/2.0.2/jakarta.enterprise.cdi-api-2.0.2.jar:/home/cferiavi/.m2/repository/jakarta/el/jakarta.el-api/3.0.3/jakarta.el-api-3.0.3.jar:/home/cferiavi/.m2/repository/jakarta/interceptor/jakarta.interceptor-api/1.2.5/jakarta.interceptor-api-1.2.5.jar:/home/cferiavi/.m2/repository/io/quarkus/quarkus-devtools-utilities/2.12.0.Final/quarkus-devtools-utilities-2.12.0.Final.jar:/home/cferiavi/.m2/repository/org/awaitility/awaitility/4.2.0/awaitility-4.2.0.jar:/home/cferiavi/.m2/repository/org/hamcrest/hamcrest/2.1/hamcrest-2.1.jar:"/>
    <property name="sun.cpu.endian" value="little"/>
    <property name="user.home" value="/home/cferiavi"/>
    <property name="user.language" value="en"/>
    <property name="java.specification.vendor" value="Oracle Corporation"/>
    <property name="java.version.date" value="2022-04-19"/>
    <property name="java.home" value="/home/cferiavi/.sdkman/candidates/java/11.0.15-tem"/>
    <property name="file.separator" value="/"/>
    <property name="maven.repo" value="/home/cferiavi/.m2/repository"/>
    <property name="basedir" value="/home/cferiavi/git/openubl/quarkus-xbuilder/deployment"/>
    <property name="java.vm.compressedOopsMode" value="Zero based"/>
    <property name="line.separator" value="&#10;"/>
    <property name="java.specification.name" value="Java Platform API Specification"/>
    <property name="java.vm.specification.vendor" value="Oracle Corporation"/>
    <property name="java.awt.graphicsenv" value="sun.awt.X11GraphicsEnvironment"/>
    <property name="surefire.real.class.path" value="/home/cferiavi/git/openubl/quarkus-xbuilder/deployment/target/surefire/surefirebooter-20220826211254979_3.jar"/>
    <property name="sun.management.compiler" value="HotSpot 64-Bit Tiered Compilers"/>
    <property name="java.runtime.version" value="11.0.15+10"/>
    <property name="user.name" value="cferiavi"/>
    <property name="path.separator" value=":"/>
    <property name="os.version" value="5.18.15-200.fc36.x86_64"/>
    <property name="java.runtime.name" value="OpenJDK Runtime Environment"/>
    <property name="file.encoding" value="UTF-8"/>
    <property name="java.vm.name" value="OpenJDK 64-Bit Server VM"/>
    <property name="java.vendor.version" value="Temurin-11.0.15+10"/>
    <property name="localRepository" value="/home/cferiavi/.m2/repository"/>
    <property name="java.vendor.url.bug" value="https://github.com/adoptium/adoptium-support/issues"/>
    <property name="java.io.tmpdir" value="/tmp"/>
    <property name="quarkus.log.file.path" value="target/quarkus.log"/>
    <property name="java.version" value="11.0.15"/>
    <property name="java.util.concurrent.ForkJoinPool.common.threadFactory" value="io.quarkus.bootstrap.forkjoin.QuarkusForkJoinWorkerThreadFactory"/>
    <property name="user.dir" value="/home/cferiavi/git/openubl/quarkus-xbuilder/deployment"/>
    <property name="os.arch" value="amd64"/>
    <property name="java.vm.specification.name" value="Java Virtual Machine Specification"/>
    <property name="java.awt.printerjob" value="sun.print.PSPrinterJob"/>
    <property name="sun.os.patch.level" value="unknown"/>
    <property name="java.util.logging.manager" value="org.jboss.logmanager.LogManager"/>
    <property name="java.library.path" value="/usr/java/packages/lib:/usr/lib64:/lib64:/lib:/usr/lib"/>
    <property name="java.vm.info" value="mixed mode"/>
    <property name="java.vendor" value="Eclipse Adoptium"/>
    <property name="java.vm.version" value="11.0.15+10"/>
    <property name="sun.io.unicode.encoding" value="UnicodeLittle"/>
    <property name="java.class.version" value="55.0"/>
  </properties>
  <testcase name="writeYourOwnUnitTest" classname="io.github.projec.openubl.quarkus.xbuilder.test.QuarkusXbuilderTest" time="0.019">
    <system-out><![CDATA[Downloading from jboss-releases: https://repository.jboss.org/nexus/content/repositories/thirdparty-releases/io/quarkus/quarkus-bom-quarkus-platform-properties/2.12.0.Final/quarkus-bom-quarkus-platform-properties-2.12.0.Final.properties
Downloading from jboss-public-repository-group: https://repository.jboss.org/nexus/content/groups/public-jboss/io/quarkus/quarkus-bom-quarkus-platform-properties/2.12.0.Final/quarkus-bom-quarkus-platform-properties-2.12.0.Final.properties
Downloading from central: https://repo.maven.apache.org/maven2/io/quarkus/quarkus-bom-quarkus-platform-properties/2.12.0.Final/quarkus-bom-quarkus-platform-properties-2.12.0.Final.properties
Progress (1): quarkus-bom-quarkus-platform-properties-2.12.0.Final.properties (45 B)                                                                                    Downloaded from central: https://repo.maven.apache.org/maven2/io/quarkus/quarkus-bom-quarkus-platform-properties/2.12.0.Final/quarkus-bom-quarkus-platform-properties-2.12.0.Final.properties (45 B at 321 B/s)
2022-08-26 21:12:58,455 INFO  [io.quarkus] (main) quarkus-xbuilder-deployment 1.0.0-SNAPSHOT on JVM (powered by Quarkus 2.12.0.Final) started in 0.130s. 
2022-08-26 21:12:58,456 INFO  [io.quarkus] (main) Profile test activated. 
2022-08-26 21:12:58,456 INFO  [io.quarkus] (main) Installed features: [cdi, quarkus-xbuilder]
]]></system-out>
  </testcase>
</testsuite>